{
"contracts/EquityCampaign.sol":{"l":{"80":9,"81":1,"82":8,"83":3,"84":5,"88":4,"89":2,"90":2,"94":19,"95":3,"96":16,"97":1,"98":15,"117":21,"118":1,"119":20,"121":5,"122":15,"123":15,"136":15,"152":12,"153":0,"154":12,"155":0,"156":12,"157":10,"158":10,"160":12,"161":7,"162":7,"164":5,"165":5,"171":1,"172":1,"173":1,"174":1,"175":0,"180":3,"181":2,"182":1,"183":1,"184":1,"185":1,"186":0,"191":1,"192":0,"193":1,"194":0,"195":1,"196":1,"197":1,"198":0,"203":1,"204":0,"205":1},"path":"/home/Alra/PersonalRepositories/Equity-Rounds-Dapp/blockend/contracts/EquityCampaign.sol","s":{"1":9,"2":8,"3":4,"4":19,"5":16,"6":21,"7":20,"8":15,"9":12,"10":12,"11":12,"12":12,"13":1,"14":1,"15":1,"16":3,"17":1,"18":1,"19":1,"20":1,"21":1,"22":1,"23":1},"b":{"1":[1,8],"2":[3,5],"3":[2,2],"4":[3,16],"5":[1,15],"6":[1,20],"7":[5,15],"8":[1,1],"9":[1,1],"10":[1,1],"11":[1,1],"12":[12,2],"13":[0,12],"14":[0,12],"15":[10,2],"16":[7,5],"17":[2,1],"18":[1,1],"19":[0,1],"20":[3,2],"21":[2,1],"22":[1,1],"23":[0,1],"24":[2,2],"25":[1,1],"26":[0,1],"27":[0,1],"28":[0,0],"29":[0,1],"30":[1,1],"31":[0,1]},"f":{"1":9,"2":4,"3":19,"4":21,"5":12,"6":1,"7":3,"8":1,"9":1,"10":0},"fnMap":{"1":{"name":"isFounder","line":79,"loc":{"start":{"line":79,"column":4},"end":{"line":85,"column":4}}},"2":{"name":"hasCampaignEnded","line":87,"loc":{"start":{"line":87,"column":4},"end":{"line":91,"column":4}}},"3":{"name":"isCampaignRunning","line":93,"loc":{"start":{"line":93,"column":4},"end":{"line":99,"column":4}}},"4":{"name":"createCampaign","line":109,"loc":{"start":{"line":109,"column":4},"end":{"line":137,"column":4}}},"5":{"name":"contributeToCampaign","line":151,"loc":{"start":{"line":147,"column":4},"end":{"line":167,"column":4}}},"6":{"name":"withdrawDonations","line":170,"loc":{"start":{"line":170,"column":4},"end":{"line":176,"column":4}}},"7":{"name":"sellShares","line":179,"loc":{"start":{"line":179,"column":4},"end":{"line":187,"column":4}}},"8":{"name":"sellSharesFounder","line":190,"loc":{"start":{"line":190,"column":4},"end":{"line":199,"column":4}}},"9":{"name":"transferFounderOwnership","line":202,"loc":{"start":{"line":202,"column":4},"end":{"line":206,"column":4}}},"10":{"name":null,"line":212,"loc":{"start":{"line":212,"column":4},"end":{"line":212,"column":33}}}},"statementMap":{"1":{"start":{"line":80,"column":8},"end":{"line":80,"column":3337}},"2":{"start":{"line":82,"column":8},"end":{"line":82,"column":3428}},"3":{"start":{"line":88,"column":8},"end":{"line":88,"column":3604}},"4":{"start":{"line":94,"column":8},"end":{"line":94,"column":3793}},"5":{"start":{"line":96,"column":8},"end":{"line":96,"column":3886}},"6":{"start":{"line":117,"column":8},"end":{"line":117,"column":4701}},"7":{"start":{"line":119,"column":8},"end":{"line":119,"column":4780}},"8":{"start":{"line":136,"column":8},"end":{"line":136,"column":42}},"9":{"start":{"line":152,"column":8},"end":{"line":152,"column":6152}},"10":{"start":{"line":154,"column":8},"end":{"line":154,"column":6300}},"11":{"start":{"line":156,"column":8},"end":{"line":156,"column":6424}},"12":{"start":{"line":160,"column":8},"end":{"line":160,"column":6652}},"13":{"start":{"line":171,"column":8},"end":{"line":171,"column":53}},"14":{"start":{"line":173,"column":8},"end":{"line":173,"column":57}},"15":{"start":{"line":174,"column":8},"end":{"line":174,"column":7417}},"16":{"start":{"line":180,"column":8},"end":{"line":180,"column":7690}},"17":{"start":{"line":184,"column":8},"end":{"line":184,"column":98}},"18":{"start":{"line":185,"column":8},"end":{"line":185,"column":8060}},"19":{"start":{"line":191,"column":8},"end":{"line":191,"column":8421}},"20":{"start":{"line":193,"column":8},"end":{"line":193,"column":8513}},"21":{"start":{"line":196,"column":8},"end":{"line":196,"column":98}},"22":{"start":{"line":197,"column":8},"end":{"line":197,"column":8799}},"23":{"start":{"line":203,"column":8},"end":{"line":203,"column":9068}}},"branchMap":{"1":{"line":80,"type":"if","locations":[{"start":{"line":80,"column":8},"end":{"line":80,"column":8}},{"start":{"line":80,"column":8},"end":{"line":80,"column":8}}]},"2":{"line":82,"type":"if","locations":[{"start":{"line":82,"column":8},"end":{"line":82,"column":8}},{"start":{"line":82,"column":8},"end":{"line":82,"column":8}}]},"3":{"line":88,"type":"if","locations":[{"start":{"line":88,"column":8},"end":{"line":88,"column":8}},{"start":{"line":88,"column":8},"end":{"line":88,"column":8}}]},"4":{"line":94,"type":"if","locations":[{"start":{"line":94,"column":8},"end":{"line":94,"column":8}},{"start":{"line":94,"column":8},"end":{"line":94,"column":8}}]},"5":{"line":96,"type":"if","locations":[{"start":{"line":96,"column":8},"end":{"line":96,"column":8}},{"start":{"line":96,"column":8},"end":{"line":96,"column":8}}]},"6":{"line":117,"type":"if","locations":[{"start":{"line":117,"column":8},"end":{"line":117,"column":8}},{"start":{"line":117,"column":8},"end":{"line":117,"column":8}}]},"7":{"line":119,"type":"if","locations":[{"start":{"line":119,"column":8},"end":{"line":119,"column":8}},{"start":{"line":119,"column":8},"end":{"line":119,"column":8}}]},"8":{"line":119,"type":"cond-expr","locations":[{"start":{"line":119,"column":12},"end":{"line":119,"column":30}},{"start":{"line":119,"column":35},"end":{"line":119,"column":53}}]},"9":{"line":119,"type":"cond-expr","locations":[{"start":{"line":119,"column":12},"end":{"line":119,"column":53}},{"start":{"line":119,"column":58},"end":{"line":119,"column":84}}]},"10":{"line":119,"type":"cond-expr","locations":[{"start":{"line":119,"column":12},"end":{"line":119,"column":84}},{"start":{"line":120,"column":11},"end":{"line":120,"column":34}}]},"11":{"line":119,"type":"cond-expr","locations":[{"start":{"line":119,"column":12},"end":{"line":120,"column":34}},{"start":{"line":120,"column":39},"end":{"line":120,"column":63}}]},"12":{"line":151,"type":"if","locations":[{"start":{"line":151,"column":21},"end":{"line":151,"column":21}},{"start":{"line":151,"column":21},"end":{"line":151,"column":21}}]},"13":{"line":152,"type":"if","locations":[{"start":{"line":152,"column":8},"end":{"line":152,"column":8}},{"start":{"line":152,"column":8},"end":{"line":152,"column":8}}]},"14":{"line":154,"type":"if","locations":[{"start":{"line":154,"column":8},"end":{"line":154,"column":8}},{"start":{"line":154,"column":8},"end":{"line":154,"column":8}}]},"15":{"line":156,"type":"if","locations":[{"start":{"line":156,"column":8},"end":{"line":156,"column":8}},{"start":{"line":156,"column":8},"end":{"line":156,"column":8}}]},"16":{"line":160,"type":"if","locations":[{"start":{"line":160,"column":8},"end":{"line":160,"column":8}},{"start":{"line":160,"column":8},"end":{"line":160,"column":8}}]},"17":{"line":170,"type":"if","locations":[{"start":{"line":170,"column":58},"end":{"line":170,"column":58}},{"start":{"line":170,"column":58},"end":{"line":170,"column":58}}]},"18":{"line":170,"type":"if","locations":[{"start":{"line":170,"column":81},"end":{"line":170,"column":81}},{"start":{"line":170,"column":81},"end":{"line":170,"column":81}}]},"19":{"line":174,"type":"if","locations":[{"start":{"line":174,"column":8},"end":{"line":174,"column":8}},{"start":{"line":174,"column":8},"end":{"line":174,"column":8}}]},"20":{"line":179,"type":"if","locations":[{"start":{"line":179,"column":67},"end":{"line":179,"column":67}},{"start":{"line":179,"column":67},"end":{"line":179,"column":67}}]},"21":{"line":180,"type":"if","locations":[{"start":{"line":180,"column":8},"end":{"line":180,"column":8}},{"start":{"line":180,"column":8},"end":{"line":180,"column":8}}]},"22":{"line":180,"type":"cond-expr","locations":[{"start":{"line":180,"column":12},"end":{"line":180,"column":70}},{"start":{"line":180,"column":75},"end":{"line":180,"column":86}}]},"23":{"line":185,"type":"if","locations":[{"start":{"line":185,"column":8},"end":{"line":185,"column":8}},{"start":{"line":185,"column":8},"end":{"line":185,"column":8}}]},"24":{"line":190,"type":"if","locations":[{"start":{"line":190,"column":74},"end":{"line":190,"column":74}},{"start":{"line":190,"column":74},"end":{"line":190,"column":74}}]},"25":{"line":190,"type":"if","locations":[{"start":{"line":190,"column":97},"end":{"line":190,"column":97}},{"start":{"line":190,"column":97},"end":{"line":190,"column":97}}]},"26":{"line":191,"type":"if","locations":[{"start":{"line":191,"column":8},"end":{"line":191,"column":8}},{"start":{"line":191,"column":8},"end":{"line":191,"column":8}}]},"27":{"line":193,"type":"if","locations":[{"start":{"line":193,"column":8},"end":{"line":193,"column":8}},{"start":{"line":193,"column":8},"end":{"line":193,"column":8}}]},"28":{"line":193,"type":"cond-expr","locations":[{"start":{"line":193,"column":12},"end":{"line":193,"column":56}},{"start":{"line":193,"column":61},"end":{"line":193,"column":72}}]},"29":{"line":197,"type":"if","locations":[{"start":{"line":197,"column":8},"end":{"line":197,"column":8}},{"start":{"line":197,"column":8},"end":{"line":197,"column":8}}]},"30":{"line":202,"type":"if","locations":[{"start":{"line":202,"column":85},"end":{"line":202,"column":85}},{"start":{"line":202,"column":85},"end":{"line":202,"column":85}}]},"31":{"line":203,"type":"if","locations":[{"start":{"line":203,"column":8},"end":{"line":203,"column":8}},{"start":{"line":203,"column":8},"end":{"line":203,"column":8}}]}}}}
