TN:
SF:/home/Alra/PersonalRepositories/Equity-Rounds-Dapp/blockend/contracts/EquityCampaign.sol
FN:79,isFounder
FN:87,hasCampaignEnded
FN:93,isCampaignRunning
FN:109,createCampaign
FN:151,contributeToCampaign
FN:170,withdrawDonations
FN:179,sellShares
FN:190,sellSharesFounder
FN:202,transferFounderOwnership
FN:212,
FNF:10
FNH:9
FNDA:9,isFounder
FNDA:4,hasCampaignEnded
FNDA:19,isCampaignRunning
FNDA:21,createCampaign
FNDA:12,contributeToCampaign
FNDA:1,withdrawDonations
FNDA:3,sellShares
FNDA:1,sellSharesFounder
FNDA:1,transferFounderOwnership
FNDA:0,
DA:80,9
DA:81,1
DA:82,8
DA:83,3
DA:84,5
DA:88,4
DA:89,2
DA:90,2
DA:94,19
DA:95,3
DA:96,16
DA:97,1
DA:98,15
DA:117,21
DA:118,1
DA:119,20
DA:121,5
DA:122,15
DA:123,15
DA:136,15
DA:152,12
DA:153,0
DA:154,12
DA:155,0
DA:156,12
DA:157,10
DA:158,10
DA:160,12
DA:161,7
DA:162,7
DA:164,5
DA:165,5
DA:171,1
DA:172,1
DA:173,1
DA:174,1
DA:175,0
DA:180,3
DA:181,2
DA:182,1
DA:183,1
DA:184,1
DA:185,1
DA:186,0
DA:191,1
DA:192,0
DA:193,1
DA:194,0
DA:195,1
DA:196,1
DA:197,1
DA:198,0
DA:203,1
DA:204,0
DA:205,1
LF:55
LH:47
BRDA:80,1,0,1
BRDA:80,1,1,8
BRDA:82,2,0,3
BRDA:82,2,1,5
BRDA:88,3,0,2
BRDA:88,3,1,2
BRDA:94,4,0,3
BRDA:94,4,1,16
BRDA:96,5,0,1
BRDA:96,5,1,15
BRDA:117,6,0,1
BRDA:117,6,1,20
BRDA:119,7,0,5
BRDA:119,7,1,15
BRDA:119,8,0,1
BRDA:119,8,1,1
BRDA:119,9,0,1
BRDA:119,9,1,1
BRDA:119,10,0,1
BRDA:119,10,1,1
BRDA:119,11,0,1
BRDA:119,11,1,1
BRDA:151,12,0,12
BRDA:151,12,1,2
BRDA:152,13,0,0
BRDA:152,13,1,12
BRDA:154,14,0,0
BRDA:154,14,1,12
BRDA:156,15,0,10
BRDA:156,15,1,2
BRDA:160,16,0,7
BRDA:160,16,1,5
BRDA:170,17,0,2
BRDA:170,17,1,1
BRDA:170,18,0,1
BRDA:170,18,1,1
BRDA:174,19,0,0
BRDA:174,19,1,1
BRDA:179,20,0,3
BRDA:179,20,1,2
BRDA:180,21,0,2
BRDA:180,21,1,1
BRDA:180,22,0,1
BRDA:180,22,1,1
BRDA:185,23,0,0
BRDA:185,23,1,1
BRDA:190,24,0,2
BRDA:190,24,1,2
BRDA:190,25,0,1
BRDA:190,25,1,1
BRDA:191,26,0,0
BRDA:191,26,1,1
BRDA:193,27,0,0
BRDA:193,27,1,1
BRDA:193,28,0,0
BRDA:193,28,1,0
BRDA:197,29,0,0
BRDA:197,29,1,1
BRDA:202,30,0,1
BRDA:202,30,1,1
BRDA:203,31,0,0
BRDA:203,31,1,1
BRF:62
BRH:52
end_of_record
